2023/11/23 21:35:29 {"callers":["D:/golang/program/travel_study/blog-service/main.go: 32 main.init.0"],"level":"info","message":"eddycjy: go-programming-tour-book/blog-service","time":1700746529384251300}
2023/11/27 20:37:01 {"callers":["D:/golang/program/travel_study/blog-service/main.go: 32 main.init.0"],"level":"error","message":"app.BindAndValid errs: State必须是[0 1]中的一个","time":1701088621577811700}
2023/11/27 22:34:43 {"callers":["D:/golang/program/travel_study/blog-service/main.go: 32 main.init.0"],"level":"error","message":"app.BindAndValid errs: ","time":1701095683939420000}
2023/11/27 22:34:56 {"callers":["D:/golang/program/travel_study/blog-service/main.go: 32 main.init.0"],"level":"error","message":"app.BindAndValid errs: Name长度必须至少为3个字符,CreatedBy为必填字段","time":1701095696612529100}
2023/11/27 22:35:15 {"callers":["D:/golang/program/travel_study/blog-service/main.go: 32 main.init.0"],"level":"error","message":"app.BindAndValid errs: CreatedBy为必填字段","time":1701095715236205600}
2023/11/27 22:43:15 {"callers":["D:/golang/program/travel_study/blog-service/main.go: 32 main.init.0"],"level":"error","message":"app.BindAndValid errs: CreatedBy为必填字段","time":1701096195518415400}
2023/11/27 22:51:17 {"callers":["D:/golang/program/travel_study/blog-service/main.go: 32 main.init.0"],"level":"error","message":"app.BindAndValid errs: CreatedBy为必填字段","time":1701096677452834300}
2023/11/27 22:51:56 {"callers":["D:/golang/program/travel_study/blog-service/main.go: 32 main.init.0"],"level":"error","message":"app.BindAndValid errs: CreatedBy为必填字段","time":1701096716059917600}
2023/11/27 22:53:31 {"callers":["D:/golang/program/travel_study/blog-service/main.go: 32 main.init.0"],"level":"error","message":"app.BindAndValid errs: CreatedBy为必填字段","time":1701096811658884900}
2023/11/27 22:55:42 {"callers":["D:/golang/program/travel_study/blog-service/main.go: 32 main.init.0"],"level":"error","message":"svc.CreateTag err: Error 1054: Unknown column 'modified_on' in 'field list'","time":1701096942064438500}
2023/11/30 19:38:15 {"callers":["D:/golang/program/travel_study/blog-service/main.go: 32 main.init.0"],"level":"error","message":"app.BindAndValid errs: Name长度必须至少为3个字符,CreatedBy为必填字段","time":1701344295582331400}
2023/11/30 19:38:27 {"callers":["D:/golang/program/travel_study/blog-service/main.go: 32 main.init.0"],"level":"error","message":"app.BindAndValid errs: CreatedBy为必填字段","time":1701344307959445300}
2023/11/30 19:42:23 {"callers":["D:/golang/program/travel_study/blog-service/main.go: 32 main.init.0"],"level":"error","message":"app.BindAndValid errs: Name长度必须至少为3个字符,State为必填字段,ID为必填字段","time":1701344543823662600}
2023/11/30 19:42:51 {"callers":["D:/golang/program/travel_study/blog-service/main.go: 32 main.init.0"],"level":"error","message":"app.BindAndValid errs: State为必填字段,Name长度必须至少为3个字符","time":1701344571780277200}
2023/11/30 19:44:21 {"callers":["D:/golang/program/travel_study/blog-service/main.go: 32 main.init.0"],"level":"error","message":"app.BindAndValid errs: ModifiedBy为必填字段,Name长度必须至少为3个字符,State为必填字段","time":1701344661563003900}
2023/11/30 19:45:28 {"callers":["D:/golang/program/travel_study/blog-service/main.go: 32 main.init.0"],"level":"error","message":"app.BindAndValid errs: Name长度必须至少为3个字符,State为必填字段,ModifiedBy为必填字段","time":1701344728495782400}
2023/11/30 19:46:19 {"callers":["D:/golang/program/travel_study/blog-service/main.go: 32 main.init.0"],"level":"error","message":"app.BindAndValid errs: State为必填字段,ModifiedBy为必填字段,ID为必填字段,Name长度必须至少为3个字符","time":1701344779387653000}
2023/11/30 19:46:38 {"callers":["D:/golang/program/travel_study/blog-service/main.go: 32 main.init.0"],"level":"error","message":"app.BindAndValid errs: Name长度必须至少为3个字符,State为必填字段,ModifiedBy为必填字段","time":1701344798162644800}
2023/11/30 19:48:10 {"callers":["D:/golang/program/travel_study/blog-service/main.go: 32 main.init.0"],"level":"error","message":"app.BindAndValid errs: State为必填字段,ModifiedBy为必填字段,Name长度必须至少为3个字符","time":1701344890767465200}
2023/11/30 19:48:21 {"callers":["D:/golang/program/travel_study/blog-service/main.go: 32 main.init.0"],"level":"error","message":"app.BindAndValid errs: Name长度必须至少为3个字符,State为必填字段,ModifiedBy为必填字段","time":1701344901774422600}
2023/11/30 19:48:53 {"callers":["D:/golang/program/travel_study/blog-service/main.go: 32 main.init.0"],"level":"error","message":"app.BindAndValid errs: ID为必填字段","time":1701344933316008700}
2023/11/30 19:53:18 {"callers":["D:/golang/program/travel_study/blog-service/main.go: 32 main.init.0"],"level":"error","message":"app.BindAndValid errs: ModifiedBy为必填字段,Name长度必须至少为3个字符,State为必填字段","time":1701345198370949700}
2023/11/30 19:54:03 {"callers":["D:/golang/program/travel_study/blog-service/main.go: 32 main.init.0"],"level":"error","message":"app.BindAndValid errs: Name长度必须至少为3个字符,State为必填字段,ModifiedBy为必填字段","time":1701345243663866700}
2023/11/30 19:54:16 {"callers":["D:/golang/program/travel_study/blog-service/main.go: 32 main.init.0"],"level":"error","message":"app.BindAndValid errs: State为必填字段,ModifiedBy为必填字段,Name长度必须至少为3个字符","time":1701345256589233200}
2023/11/30 19:54:57 {"callers":["D:/golang/program/travel_study/blog-service/main.go: 32 main.init.0"],"level":"error","message":"app.BindAndValid errs: ModifiedBy为必填字段,Name长度必须至少为3个字符,State为必填字段","time":1701345297137740000}
2023/11/30 19:55:30 {"callers":["D:/golang/program/travel_study/blog-service/main.go: 32 main.init.0"],"level":"error","message":"app.BindAndValid errs: State为必填字段,Name长度必须至少为3个字符","time":1701345330018862800}
2023/11/30 19:55:44 {"callers":["D:/golang/program/travel_study/blog-service/main.go: 32 main.init.0"],"level":"error","message":"app.BindAndValid errs: Name长度必须至少为3个字符,State为必填字段","time":1701345344687779100}
2023/11/30 19:56:00 {"callers":["D:/golang/program/travel_study/blog-service/main.go: 32 main.init.0"],"level":"error","message":"app.BindAndValid errs: State为必填字段,Name长度必须至少为3个字符","time":1701345360580819100}
2023/11/30 19:56:09 {"callers":["D:/golang/program/travel_study/blog-service/main.go: 32 main.init.0"],"level":"error","message":"app.BindAndValid errs: Name长度必须至少为3个字符,State为必填字段","time":1701345369742197600}
2023/12/05 22:38:32 {"callers":["D:/golang/program/travel_study/blog-service/main.go: 34 main.init.0"],"level":"error","message":"svc.CreateArticle err: Error 1054: Unknown column 'modified_on' in 'field list'","time":1701787112665693500}
2023/12/05 22:39:41 {"callers":["D:/golang/program/travel_study/blog-service/main.go: 34 main.init.0"],"level":"error","message":"svc.CreateArticle err: Error 1054: Unknown column 'modified_on' in 'field list'","time":1701787181041312700}
2023/12/05 22:40:04 {"callers":["D:/golang/program/travel_study/blog-service/main.go: 34 main.init.0"],"level":"error","message":"svc.CreateArticle err: Error 1054: Unknown column 'modified_on' in 'field list'","time":1701787204511366700}
2023/12/05 22:43:30 {"callers":["D:/golang/program/travel_study/blog-service/main.go: 34 main.init.0"],"level":"error","message":"app.BindAndValid errs: TagID为必填字段,Title长度必须至少为2个字符,Desc长度必须至少为2个字符,Content长度必须至少为2个字符,CoverImageUrl必须是一个有效的URL","time":1701787410897233000}
2023/12/05 22:46:37 {"callers":["D:/golang/program/travel_study/blog-service/main.go: 34 main.init.0"],"level":"error","message":"app.BindAndValid errs: ModifiedBy为必填字段","time":1701787597995564000}
2023/12/05 22:48:24 {"callers":["D:/golang/program/travel_study/blog-service/main.go: 34 main.init.0"],"level":"error","message":"svc.DeleteArticle err: Error 1054: Unknown column 'id_del' in 'where clause'","time":1701787704896806000}
2023/12/07 22:27:59 {"callers":["D:/golang/program/travel_study/blog-service/main.go: 34 main.init.0"],"level":"error","message":"app.BindAndValid errs: AppKey为必填字段,AppSecret为必填字段","time":1701959279912168500}
2023/12/18 21:56:56 {"callers":["D:/golang/program/travel_study/blog-service/main.go: 35 main.init.0"],"level":"error","message":"app.BindAndValid errs: AppKey为必填字段,AppSecret为必填字段","span_id":"6cf7551a23a83206","time":1702907816431384200,"trace_id":"6cf7551a23a83206"}
2023/12/18 21:59:20 {"callers":["D:/golang/program/travel_study/blog-service/main.go: 35 main.init.0"],"level":"error","message":"svc.CheckAuth err: auth info does not exist.","span_id":"5dcdfdf96ae65b","time":1702907960607971800,"trace_id":"5dcdfdf96ae65b"}
